#
# There is insufficient memory for the Java Runtime Environment to continue.
# Native memory allocation (mmap) failed to map 536870912 bytes for committing reserved memory.
# Possible reasons:
#   The system is out of physical RAM or swap space
#   In 32 bit mode, the process size limit was hit
# Possible solutions:
#   Reduce memory load on the system
#   Increase physical memory or swap space
#   Check if swap backing store is full
#   Use 64 bit Java on a 64 bit OS
#   Decrease Java heap size (-Xmx/-Xms)
#   Decrease number of Java threads
#   Decrease Java thread stack sizes (-Xss)
#   Set larger code cache with -XX:ReservedCodeCacheSize=
# This output file may be truncated or incomplete.
#
#  Out of Memory Error (os_linux.cpp:2643), pid=9982, tid=0x00007f6e2484b700
#
# JRE version:  (8.0_131-b11) (build )
# Java VM: OpenJDK 64-Bit Server VM (25.131-b11 mixed mode linux-amd64 compressed oops)
# Failed to write core dump. Core dumps have been disabled. To enable core dumping, try "ulimit -c unlimited" before starting Java again
#

---------------  T H R E A D  ---------------

Current thread (0x00007f6e1c018800):  JavaThread "Unknown thread" [_thread_in_vm, id=9988, stack(0x00007f6e2474b000,0x00007f6e2484c000)]

Stack: [0x00007f6e2474b000,0x00007f6e2484c000],  sp=0x00007f6e2484a630,  free space=1021k
Native frames: (J=compiled Java code, j=interpreted, Vv=VM code, C=native code)
V  [libjvm.so+0xa673eb]
V  [libjvm.so+0x4c3bec]
V  [libjvm.so+0x8b58a0]
V  [libjvm.so+0x8afd1e]
V  [libjvm.so+0x92a856]
V  [libjvm.so+0x91b333]
V  [libjvm.so+0x2ad511]
V  [libjvm.so+0x8dae29]
V  [libjvm.so+0xa2a8e9]
V  [libjvm.so+0xa2ab32]
V  [libjvm.so+0x60efff]
V  [libjvm.so+0xa0feda]
V  [libjvm.so+0x6891e2]  JNI_CreateJavaVM+0x62
C  [libjli.so+0x2f2e]
C  [libjli.so+0x73dd]
C  [libpthread.so.0+0x76ba]  start_thread+0xca


---------------  P R O C E S S  ---------------

Java Threads: ( => current thread )

Other Threads:

=>0x00007f6e1c018800 (exited) JavaThread "Unknown thread" [_thread_in_vm, id=9988, stack(0x00007f6e2474b000,0x00007f6e2484c000)]

VM state:not at safepoint (not fully initialized)

VM Mutex/Monitor currently owned by a thread: None

GC Heap History (0 events):
No events

Deoptimization events (0 events):
No events

Internal exceptions (0 events):
No events

Events (0 events):
No events


Dynamic libraries:
00400000-00401000 r-xp 00000000 08:05 4721750                            /usr/lib/jvm/java-8-openjdk-amd64/jre/bin/java
00600000-00601000 r--p 00000000 08:05 4721750                            /usr/lib/jvm/java-8-openjdk-amd64/jre/bin/java
00601000-00602000 rw-p 00001000 08:05 4721750                            /usr/lib/jvm/java-8-openjdk-amd64/jre/bin/java
01b4f000-01b70000 rw-p 00000000 00:00 0                                  [heap]
f0000000-100000000 rw-p 00000000 00:00 0 
7f6e0d000000-7f6e0d270000 rwxp 00000000 00:00 0 
7f6e0d270000-7f6e1c000000 ---p 00000000 00:00 0 
7f6e1c000000-7f6e1c040000 rw-p 00000000 00:00 0 
7f6e1c040000-7f6e20000000 ---p 00000000 00:00 0 
7f6e20a7c000-7f6e20b7c000 ---p 00000000 00:00 0 
7f6e20b7c000-7f6e20c07000 rw-p 00000000 00:00 0 
7f6e20c07000-7f6e20fbd000 ---p 00000000 00:00 0 
7f6e20fbd000-7f6e20fc5000 r-xp 00000000 08:05 4721692                    /usr/lib/jvm/java-8-openjdk-amd64/jre/lib/amd64/libzip.so
7f6e20fc5000-7f6e211c4000 ---p 00008000 08:05 4721692                    /usr/lib/jvm/java-8-openjdk-amd64/jre/lib/amd64/libzip.so
7f6e211c4000-7f6e211c5000 r--p 00007000 08:05 4721692                    /usr/lib/jvm/java-8-openjdk-amd64/jre/lib/amd64/libzip.so
7f6e211c5000-7f6e211c6000 rw-p 00008000 08:05 4721692                    /usr/lib/jvm/java-8-openjdk-amd64/jre/lib/amd64/libzip.so
7f6e211c6000-7f6e211d1000 r-xp 00000000 08:05 33752                      /lib/x86_64-linux-gnu/libnss_files-2.23.so
7f6e211d1000-7f6e213d0000 ---p 0000b000 08:05 33752                      /lib/x86_64-linux-gnu/libnss_files-2.23.so
7f6e213d0000-7f6e213d1000 r--p 0000a000 08:05 33752                      /lib/x86_64-linux-gnu/libnss_files-2.23.so
7f6e213d1000-7f6e213d2000 rw-p 0000b000 08:05 33752                      /lib/x86_64-linux-gnu/libnss_files-2.23.so
7f6e213d2000-7f6e213d8000 rw-p 00000000 00:00 0 
7f6e213d8000-7f6e213e3000 r-xp 00000000 08:05 33722                      /lib/x86_64-linux-gnu/libnss_nis-2.23.so
7f6e213e3000-7f6e215e2000 ---p 0000b000 08:05 33722                      /lib/x86_64-linux-gnu/libnss_nis-2.23.so
7f6e215e2000-7f6e215e3000 r--p 0000a000 08:05 33722                      /lib/x86_64-linux-gnu/libnss_nis-2.23.so
7f6e215e3000-7f6e215e4000 rw-p 0000b000 08:05 33722                      /lib/x86_64-linux-gnu/libnss_nis-2.23.so
7f6e215e4000-7f6e215fa000 r-xp 00000000 08:05 33736                      /lib/x86_64-linux-gnu/libnsl-2.23.so
7f6e215fa000-7f6e217f9000 ---p 00016000 08:05 33736                      /lib/x86_64-linux-gnu/libnsl-2.23.so
7f6e217f9000-7f6e217fa000 r--p 00015000 08:05 33736                      /lib/x86_64-linux-gnu/libnsl-2.23.so
7f6e217fa000-7f6e217fb000 rw-p 00016000 08:05 33736                      /lib/x86_64-linux-gnu/libnsl-2.23.so
7f6e217fb000-7f6e217fd000 rw-p 00000000 00:00 0 
7f6e217fd000-7f6e21805000 r-xp 00000000 08:05 33757                      /lib/x86_64-linux-gnu/libnss_compat-2.23.so
7f6e21805000-7f6e21a04000 ---p 00008000 08:05 33757                      /lib/x86_64-linux-gnu/libnss_compat-2.23.so
7f6e21a04000-7f6e21a05000 r--p 00007000 08:05 33757                      /lib/x86_64-linux-gnu/libnss_compat-2.23.so
7f6e21a05000-7f6e21a06000 rw-p 00008000 08:05 33757                      /lib/x86_64-linux-gnu/libnss_compat-2.23.so
7f6e21a06000-7f6e21a10000 r-xp 00000000 08:05 4721705                    /usr/lib/jvm/java-8-openjdk-amd64/jre/lib/amd64/libinstrument.so
7f6e21a10000-7f6e21c0f000 ---p 0000a000 08:05 4721705                    /usr/lib/jvm/java-8-openjdk-amd64/jre/lib/amd64/libinstrument.so
7f6e21c0f000-7f6e21c10000 r--p 00009000 08:05 4721705                    /usr/lib/jvm/java-8-openjdk-amd64/jre/lib/amd64/libinstrument.so
7f6e21c10000-7f6e21c11000 rw-p 0000a000 08:05 4721705                    /usr/lib/jvm/java-8-openjdk-amd64/jre/lib/amd64/libinstrument.so
7f6e21c11000-7f6e21c3e000 r-xp 00000000 08:05 4721687                    /usr/lib/jvm/java-8-openjdk-amd64/jre/lib/amd64/libjava.so
7f6e21c3e000-7f6e21e3d000 ---p 0002d000 08:05 4721687                    /usr/lib/jvm/java-8-openjdk-amd64/jre/lib/amd64/libjava.so
7f6e21e3d000-7f6e21e3e000 r--p 0002c000 08:05 4721687                    /usr/lib/jvm/java-8-openjdk-amd64/jre/lib/amd64/libjava.so
7f6e21e3e000-7f6e21e40000 rw-p 0002d000 08:05 4721687                    /usr/lib/jvm/java-8-openjdk-amd64/jre/lib/amd64/libjava.so
7f6e21e40000-7f6e21e4f000 r-xp 00000000 08:05 4721684                    /usr/lib/jvm/java-8-openjdk-amd64/jre/lib/amd64/libverify.so
7f6e21e4f000-7f6e2204e000 ---p 0000f000 08:05 4721684                    /usr/lib/jvm/java-8-openjdk-amd64/jre/lib/amd64/libverify.so
7f6e2204e000-7f6e22050000 r--p 0000e000 08:05 4721684                    /usr/lib/jvm/java-8-openjdk-amd64/jre/lib/amd64/libverify.so
7f6e22050000-7f6e22051000 rw-p 00010000 08:05 4721684                    /usr/lib/jvm/java-8-openjdk-amd64/jre/lib/amd64/libverify.so
7f6e22051000-7f6e22058000 r-xp 00000000 08:05 33759                      /lib/x86_64-linux-gnu/librt-2.23.so
7f6e22058000-7f6e22257000 ---p 00007000 08:05 33759                      /lib/x86_64-linux-gnu/librt-2.23.so
7f6e22257000-7f6e22258000 r--p 00006000 08:05 33759                      /lib/x86_64-linux-gnu/librt-2.23.so
7f6e22258000-7f6e22259000 rw-p 00007000 08:05 33759                      /lib/x86_64-linux-gnu/librt-2.23.so
7f6e22259000-7f6e2226f000 r-xp 00000000 08:05 31171                      /lib/x86_64-linux-gnu/libgcc_s.so.1
7f6e2226f000-7f6e2246e000 ---p 00016000 08:05 31171                      /lib/x86_64-linux-gnu/libgcc_s.so.1
7f6e2246e000-7f6e2246f000 rw-p 00015000 08:05 31171                      /lib/x86_64-linux-gnu/libgcc_s.so.1
7f6e2246f000-7f6e22577000 r-xp 00000000 08:05 33724                      /lib/x86_64-linux-gnu/libm-2.23.so
7f6e22577000-7f6e22776000 ---p 00108000 08:05 33724                      /lib/x86_64-linux-gnu/libm-2.23.so
7f6e22776000-7f6e22777000 r--p 00107000 08:05 33724                      /lib/x86_64-linux-gnu/libm-2.23.so
7f6e22777000-7f6e22778000 rw-p 00108000 08:05 33724                      /lib/x86_64-linux-gnu/libm-2.23.so
7f6e22778000-7f6e228ea000 r-xp 00000000 08:05 4587922                    /usr/lib/x86_64-linux-gnu/libstdc++.so.6.0.21
7f6e228ea000-7f6e22aea000 ---p 00172000 08:05 4587922                    /usr/lib/x86_64-linux-gnu/libstdc++.so.6.0.21
7f6e22aea000-7f6e22af4000 r--p 00172000 08:05 4587922                    /usr/lib/x86_64-linux-gnu/libstdc++.so.6.0.21
7f6e22af4000-7f6e22af6000 rw-p 0017c000 08:05 4587922                    /usr/lib/x86_64-linux-gnu/libstdc++.so.6.0.21
7f6e22af6000-7f6e22afa000 rw-p 00000000 00:00 0 
7f6e22afa000-7f6e2374b000 r-xp 00000000 08:05 4721683                    /usr/lib/jvm/java-8-openjdk-amd64/jre/lib/amd64/server/libjvm.so
7f6e2374b000-7f6e2394b000 ---p 00c51000 08:05 4721683                    /usr/lib/jvm/java-8-openjdk-amd64/jre/lib/amd64/server/libjvm.so
7f6e2394b000-7f6e239de000 r--p 00c51000 08:05 4721683                    /usr/lib/jvm/java-8-openjdk-amd64/jre/lib/amd64/server/libjvm.so
7f6e239de000-7f6e23a07000 rw-p 00ce4000 08:05 4721683                    /usr/lib/jvm/java-8-openjdk-amd64/jre/lib/amd64/server/libjvm.so
7f6e23a07000-7f6e23a37000 rw-p 00000000 00:00 0 
7f6e23a37000-7f6e23a4f000 r-xp 00000000 08:05 33766                      /lib/x86_64-linux-gnu/libpthread-2.23.so
7f6e23a4f000-7f6e23c4e000 ---p 00018000 08:05 33766                      /lib/x86_64-linux-gnu/libpthread-2.23.so
7f6e23c4e000-7f6e23c4f000 r--p 00017000 08:05 33766                      /lib/x86_64-linux-gnu/libpthread-2.23.so
7f6e23c4f000-7f6e23c50000 rw-p 00018000 08:05 33766                      /lib/x86_64-linux-gnu/libpthread-2.23.so
7f6e23c50000-7f6e23c54000 rw-p 00000000 00:00 0 
7f6e23c54000-7f6e23c57000 r-xp 00000000 08:05 33712                      /lib/x86_64-linux-gnu/libdl-2.23.so
7f6e23c57000-7f6e23e56000 ---p 00003000 08:05 33712                      /lib/x86_64-linux-gnu/libdl-2.23.so
7f6e23e56000-7f6e23e57000 r--p 00002000 08:05 33712                      /lib/x86_64-linux-gnu/libdl-2.23.so
7f6e23e57000-7f6e23e58000 rw-p 00003000 08:05 33712                      /lib/x86_64-linux-gnu/libdl-2.23.so
7f6e23e58000-7f6e23e71000 r-xp 00000000 08:05 31318                      /lib/x86_64-linux-gnu/libz.so.1.2.8
7f6e23e71000-7f6e24070000 ---p 00019000 08:05 31318                      /lib/x86_64-linux-gnu/libz.so.1.2.8
7f6e24070000-7f6e24071000 r--p 00018000 08:05 31318                      /lib/x86_64-linux-gnu/libz.so.1.2.8
7f6e24071000-7f6e24072000 rw-p 00019000 08:05 31318                      /lib/x86_64-linux-gnu/libz.so.1.2.8
7f6e24072000-7f6e24231000 r-xp 00000000 08:05 33740                      /lib/x86_64-linux-gnu/libc-2.23.so
7f6e24231000-7f6e24431000 ---p 001bf000 08:05 33740                      /lib/x86_64-linux-gnu/libc-2.23.so
7f6e24431000-7f6e24435000 r--p 001bf000 08:05 33740                      /lib/x86_64-linux-gnu/libc-2.23.so
7f6e24435000-7f6e24437000 rw-p 001c3000 08:05 33740                      /lib/x86_64-linux-gnu/libc-2.23.so
7f6e24437000-7f6e2443b000 rw-p 00000000 00:00 0 
7f6e2443b000-7f6e24448000 r-xp 00000000 08:05 4721699                    /usr/lib/jvm/java-8-openjdk-amd64/jre/lib/amd64/jli/libjli.so
7f6e24448000-7f6e24648000 ---p 0000d000 08:05 4721699                    /usr/lib/jvm/java-8-openjdk-amd64/jre/lib/amd64/jli/libjli.so
7f6e24648000-7f6e24649000 r--p 0000d000 08:05 4721699                    /usr/lib/jvm/java-8-openjdk-amd64/jre/lib/amd64/jli/libjli.so
7f6e24649000-7f6e2464a000 rw-p 0000e000 08:05 4721699                    /usr/lib/jvm/java-8-openjdk-amd64/jre/lib/amd64/jli/libjli.so
7f6e2464a000-7f6e24670000 r-xp 00000000 08:05 33744                      /lib/x86_64-linux-gnu/ld-2.23.so
7f6e2474b000-7f6e2474e000 ---p 00000000 00:00 0 
7f6e2474e000-7f6e24851000 rw-p 00000000 00:00 0 
7f6e24863000-7f6e2486b000 rw-s 00000000 08:05 5786076                    /tmp/hsperfdata_andres/9982
7f6e2486b000-7f6e2486c000 rw-p 00000000 00:00 0 
7f6e2486c000-7f6e2486d000 r--p 00000000 00:00 0 
7f6e2486d000-7f6e2486f000 rw-p 00000000 00:00 0 
7f6e2486f000-7f6e24870000 r--p 00025000 08:05 33744                      /lib/x86_64-linux-gnu/ld-2.23.so
7f6e24870000-7f6e24871000 rw-p 00026000 08:05 33744                      /lib/x86_64-linux-gnu/ld-2.23.so
7f6e24871000-7f6e24872000 rw-p 00000000 00:00 0 
7fff8f86d000-7fff8f896000 rw-p 00000000 00:00 0                          [stack]
7fff8f9fc000-7fff8f9fe000 r--p 00000000 00:00 0                          [vvar]
7fff8f9fe000-7fff8fa00000 r-xp 00000000 00:00 0                          [vdso]
ffffffffff600000-ffffffffff601000 r-xp 00000000 00:00 0                  [vsyscall]

VM Arguments:
jvm_args: -Dendpoints.shutdown.enabled=true -Denv=development -Dfull.stacktrace=false -Dgrails.env=development -Dgrails.full.stacktrace=false -Dinfo.app.grailsVersion=3.2.7 -Dinfo.app.name=ForoFiuba -Dinfo.app.version=0.1 -Djdk.reflect.allowGetCallerClass=true -Drun.active=true -Dspring.output.ansi.enabled=always -Dspringloaded=inclusions=grails.plugins..*;synchronize=true;allowSplitPackages=true;cacheDir=/home/andres/Desktop/Fiuba/Seminario/ForoFiuba/build/springloaded -Dverbose=false -XX:+TieredCompilation -XX:TieredStopAtLevel=1 -XX:CICompilerCount=3 -javaagent:/home/andres/.gradle/caches/modules-2/files-2.1/org.springframework/springloaded/1.2.6.RELEASE/df364cd5f36ae9a01ac4e73ecd138daa735fbbc8/springloaded-1.2.6.RELEASE.jar -Xverify:none -Xms768m -Xmx768m -Dfile.encoding=UTF-8 -Duser.country=US -Duser.language=en -Duser.variant 
java_command: forofiuba.Application
java_class_path (initial): /home/andres/Desktop/Fiuba/Seminario/ForoFiuba/src/main/resources:/home/andres/Desktop/Fiuba/Seminario/ForoFiuba/grails-app/views:/home/andres/Desktop/Fiuba/Seminario/ForoFiuba/grails-app/i18n:/home/andres/Desktop/Fiuba/Seminario/ForoFiuba/grails-app/conf:/home/andres/Desktop/Fiuba/Seminario/ForoFiuba/build/classes/main:/home/andres/Desktop/Fiuba/Seminario/ForoFiuba/build/resources/main:/home/andres/Desktop/Fiuba/Seminario/ForoFiuba/gsp-classes:/home/andres/.gradle/caches/modules-2/files-2.1/org.springframework.boot/spring-boot-starter-logging/1.4.4.RELEASE/64f090a1c417fa559b1041daa3c0a9ded611be7f/spring-boot-starter-logging-1.4.4.RELEASE.jar:/home/andres/.gradle/caches/modules-2/files-2.1/org.springframework.boot/spring-boot-autoconfigure/1.4.4.RELEASE/4f30e96a8ea8fcc960c458b9da0826e66909876e/spring-boot-autoconfigure-1.4.4.RELEASE.jar:/home/andres/.gradle/caches/modules-2/files-2.1/org.grails/grails-core/3.2.7/2ae43e059342ac69d186327862d5fb10f4ebfc9f/grails-core-3.2.7.jar:/home/andres/.gradle/caches/modules-2/files-2.1/org.springframework.boot/spring-boot-starter-actuator/1.4.4.RELEASE/e982b07261245b97c91059eb72d7b6740560b6fe/spring-boot-starter-actuator-1.4.4.RELEASE.jar:/home/andres/.gradle/caches/modules-2/files-2.1/org.springframework.boot/spring-boot-starter-tomcat/1.4.4.RELEASE/8c30a7786c4a8f9c66ef4f13125b4babbdbe71cb/spring-boot-starter-tomcat-1.4.4.RELEASE.jar:/home/andres/.gradle/caches/modules-2/files-2.1/org.grails/grails-web-boot/3.2.7/acad5a5d16d085d439a89f855400eec1838df6fd/grails-web-boot-3.2.7.jar:/home/andres/.gradle/caches/modules-2/files-2.1/org.grails.plugins/cache/3.0.3/e857268f939b4b907ce91ff4f5217cfb97abcaa7/cache-3.0.3.jar:/home/andres/.gradle/caches/modules-2/files-2.1/org.grails.plugins/scaffolding/3.2.1/82b56d19aff8da7818a17e723c8a49f7499caf26/scaffolding-3.2.1.jar:/home/andres/.gradle/caches/modules-2/files-2.1/org.grails.plugins/hibernate5/6.0.9/61755678567dd72f1d6f8dd7f9cba3f832ee2090/hibernate5-6.0.9.jar:
Launcher Type: SUN_STANDARD

Environment Variables:
JAVA_HOME=/usr/lib/jvm/java-8-openjdk-amd64
PATH=/usr/local/heroku/bin:/home/andres/.sdkman/candidates/groovy/current/bin:/home/andres/.sdkman/candidates/grails/current/bin:/home/andres/bin:/home/andres/.local/bin:/usr/local/sbin:/usr/local/bin:/usr/sbin:/usr/bin:/sbin:/bin:/usr/games:/usr/local/games:/snap/bin
SHELL=/bin/bash
DISPLAY=:0

Signal Handlers:
SIGSEGV: [libjvm.so+0xa67f40], sa_mask[0]=11111111011111111101111111111110, sa_flags=SA_RESTART|SA_SIGINFO
SIGBUS: [libjvm.so+0xa67f40], sa_mask[0]=11111111011111111101111111111110, sa_flags=SA_RESTART|SA_SIGINFO
SIGFPE: [libjvm.so+0x8b0ec0], sa_mask[0]=11111111011111111101111111111110, sa_flags=SA_RESTART|SA_SIGINFO
SIGPIPE: [libjvm.so+0x8b0ec0], sa_mask[0]=11111111011111111101111111111110, sa_flags=SA_RESTART|SA_SIGINFO
SIGXFSZ: [libjvm.so+0x8b0ec0], sa_mask[0]=11111111011111111101111111111110, sa_flags=SA_RESTART|SA_SIGINFO
SIGILL: [libjvm.so+0x8b0ec0], sa_mask[0]=11111111011111111101111111111110, sa_flags=SA_RESTART|SA_SIGINFO
SIGUSR1: SIG_DFL, sa_mask[0]=00000000000000000000000000000000, sa_flags=none
SIGUSR2: [libjvm.so+0x8b0d70], sa_mask[0]=00100000000000000000000000000000, sa_flags=SA_RESTART|SA_SIGINFO
SIGHUP: SIG_DFL, sa_mask[0]=00000000000000000000000000000000, sa_flags=none
SIGINT: SIG_DFL, sa_mask[0]=00000000000000000000000000000000, sa_flags=none
SIGTERM: SIG_DFL, sa_mask[0]=00000000000000000000000000000000, sa_flags=none
SIGQUIT: SIG_DFL, sa_mask[0]=00000000000000000000000000000000, sa_flags=none


---------------  S Y S T E M  ---------------

OS:DISTRIB_ID=Ubuntu
DISTRIB_RELEASE=16.04
DISTRIB_CODENAME=xenial
DISTRIB_DESCRIPTION="Ubuntu 16.04.2 LTS"

uname:Linux 4.4.0-75-generic #96-Ubuntu SMP Thu Apr 20 09:56:33 UTC 2017 x86_64
libc:glibc 2.23 NPTL 2.23 
rlimit: STACK 8192k, CORE 0k, NPROC 31123, NOFILE 65536, AS infinity
load average:0.50 0.52 0.70

/proc/meminfo:
MemTotal:        8071928 kB
MemFree:          212164 kB
MemAvailable:     313492 kB
Buffers:           75136 kB
Cached:          1235896 kB
SwapCached:            0 kB
Active:          6385132 kB
Inactive:        1163912 kB
Active(anon):    6244952 kB
Inactive(anon):  1024240 kB
Active(file):     140180 kB
Inactive(file):   139672 kB
Unevictable:         176 kB
Mlocked:             176 kB
SwapTotal:             0 kB
SwapFree:              0 kB
Dirty:               328 kB
Writeback:             4 kB
AnonPages:       6238488 kB
Mapped:           752904 kB
Shmem:           1031016 kB
Slab:             145656 kB
SReclaimable:      94656 kB
SUnreclaim:        51000 kB
KernelStack:       13968 kB
PageTables:        73120 kB
NFS_Unstable:          0 kB
Bounce:                0 kB
WritebackTmp:          0 kB
CommitLimit:     4035964 kB
Committed_AS:   15170124 kB
VmallocTotal:   34359738367 kB
VmallocUsed:           0 kB
VmallocChunk:          0 kB
HardwareCorrupted:     0 kB
AnonHugePages:   1613824 kB
CmaTotal:              0 kB
CmaFree:               0 kB
HugePages_Total:       0
HugePages_Free:        0
HugePages_Rsvd:        0
HugePages_Surp:        0
Hugepagesize:       2048 kB
DirectMap4k:      199944 kB
DirectMap2M:     8085504 kB
DirectMap1G:     1048576 kB


CPU:total 4 (initial active 4) (2 cores per cpu, 2 threads per core) family 6 model 78 stepping 3, cmov, cx8, fxsr, mmx, sse, sse2, sse3, ssse3, sse4.1, sse4.2, popcnt, avx, avx2, aes, clmul, erms, 3dnowpref, lzcnt, ht, tsc, tscinvbit, bmi1, bmi2, adx

/proc/cpuinfo:
processor	: 0
vendor_id	: GenuineIntel
cpu family	: 6
model		: 78
model name	: Intel(R) Core(TM) i7-6500U CPU @ 2.50GHz
stepping	: 3
microcode	: 0x49
cpu MHz		: 2999.953
cache size	: 4096 KB
physical id	: 0
siblings	: 4
core id		: 0
cpu cores	: 2
apicid		: 0
initial apicid	: 0
fpu		: yes
fpu_exception	: yes
cpuid level	: 22
wp		: yes
flags		: fpu vme de pse tsc msr pae mce cx8 apic sep mtrr pge mca cmov pat pse36 clflush dts acpi mmx fxsr sse sse2 ss ht tm pbe syscall nx pdpe1gb rdtscp lm constant_tsc art arch_perfmon pebs bts rep_good nopl xtopology nonstop_tsc aperfmperf eagerfpu pni pclmulqdq dtes64 monitor ds_cpl vmx est tm2 ssse3 sdbg fma cx16 xtpr pdcm pcid sse4_1 sse4_2 x2apic movbe popcnt tsc_deadline_timer aes xsave avx f16c rdrand lahf_lm abm 3dnowprefetch epb intel_pt tpr_shadow vnmi flexpriority ept vpid fsgsbase tsc_adjust bmi1 avx2 smep bmi2 erms invpcid mpx rdseed adx smap clflushopt xsaveopt xsavec xgetbv1 dtherm ida arat pln pts hwp hwp_notify hwp_act_window hwp_epp
bugs		:
bogomips	: 5183.83
clflush size	: 64
cache_alignment	: 64
address sizes	: 39 bits physical, 48 bits virtual
power management:

processor	: 1
vendor_id	: GenuineIntel
cpu family	: 6
model		: 78
model name	: Intel(R) Core(TM) i7-6500U CPU @ 2.50GHz
stepping	: 3
microcode	: 0x49
cpu MHz		: 2969.281
cache size	: 4096 KB
physical id	: 0
siblings	: 4
core id		: 1
cpu cores	: 2
apicid		: 2
initial apicid	: 2
fpu		: yes
fpu_exception	: yes
cpuid level	: 22
wp		: yes
flags		: fpu vme de pse tsc msr pae mce cx8 apic sep mtrr pge mca cmov pat pse36 clflush dts acpi mmx fxsr sse sse2 ss ht tm pbe syscall nx pdpe1gb rdtscp lm constant_tsc art arch_perfmon pebs bts rep_good nopl xtopology nonstop_tsc aperfmperf eagerfpu pni pclmulqdq dtes64 monitor ds_cpl vmx est tm2 ssse3 sdbg fma cx16 xtpr pdcm pcid sse4_1 sse4_2 x2apic movbe popcnt tsc_deadline_timer aes xsave avx f16c rdrand lahf_lm abm 3dnowprefetch epb intel_pt tpr_shadow vnmi flexpriority ept vpid fsgsbase tsc_adjust bmi1 avx2 smep bmi2 erms invpcid mpx rdseed adx smap clflushopt xsaveopt xsavec xgetbv1 dtherm ida arat pln pts hwp hwp_notify hwp_act_window hwp_epp
bugs		:
bogomips	: 5183.83
clflush size	: 64
cache_alignment	: 64
address sizes	: 39 bits physical, 48 bits virtual
power management:

processor	: 2
vendor_id	: GenuineIntel
cpu family	: 6
model		: 78
model name	: Intel(R) Core(TM) i7-6500U CPU @ 2.50GHz
stepping	: 3
microcode	: 0x49
cpu MHz		: 2999.953
cache size	: 4096 KB
physical id	: 0
siblings	: 4
core id		: 0
cpu cores	: 2
apicid		: 1
initial apicid	: 1
fpu		: yes
fpu_exception	: yes
cpuid level	: 22
wp		: yes
flags		: fpu vme de pse tsc msr pae mce cx8 apic sep mtrr pge mca cmov pat pse36 clflush dts acpi mmx fxsr sse sse2 ss ht tm pbe syscall nx pdpe1gb rdtscp lm constant_tsc art arch_perfmon pebs bts rep_good nopl xtopology nonstop_tsc aperfmperf eagerfpu pni pclmulqdq dtes64 monitor ds_cpl vmx est tm2 ssse3 sdbg fma cx16 xtpr pdcm pcid sse4_1 sse4_2 x2apic movbe popcnt tsc_deadline_timer aes xsave avx f16c rdrand lahf_lm abm 3dnowprefetch epb intel_pt tpr_shadow vnmi flexpriority ept vpid fsgsbase tsc_adjust bmi1 avx2 smep bmi2 erms invpcid mpx rdseed adx smap clflushopt xsaveopt xsavec xgetbv1 dtherm ida arat pln pts hwp hwp_notify hwp_act_window hwp_epp
bugs		:
bogomips	: 5183.83
clflush size	: 64
cache_alignment	: 64
address sizes	: 39 bits physical, 48 bits virtual
power management:

processor	: 3
vendor_id	: GenuineIntel
cpu family	: 6
model		: 78
model name	: Intel(R) Core(TM) i7-6500U CPU @ 2.50GHz
stepping	: 3
microcode	: 0x49
cpu MHz		: 2999.953
cache size	: 4096 KB
physical id	: 0
siblings	: 4
core id		: 1
cpu cores	: 2
apicid		: 3
initial apicid	: 3
fpu		: yes
fpu_exception	: yes
cpuid level	: 22
wp		: yes
flags		: fpu vme de pse tsc msr pae mce cx8 apic sep mtrr pge mca cmov pat pse36 clflush dts acpi mmx fxsr sse sse2 ss ht tm pbe syscall nx pdpe1gb rdtscp lm constant_tsc art arch_perfmon pebs bts rep_good nopl xtopology nonstop_tsc aperfmperf eagerfpu pni pclmulqdq dtes64 monitor ds_cpl vmx est tm2 ssse3 sdbg fma cx16 xtpr pdcm pcid sse4_1 sse4_2 x2apic movbe popcnt tsc_deadline_timer aes xsave avx f16c rdrand lahf_lm abm 3dnowprefetch epb intel_pt tpr_shadow vnmi flexpriority ept vpid fsgsbase tsc_adjust bmi1 avx2 smep bmi2 erms invpcid mpx rdseed adx smap clflushopt xsaveopt xsavec xgetbv1 dtherm ida arat pln pts hwp hwp_notify hwp_act_window hwp_epp
bugs		:
bogomips	: 5183.83
clflush size	: 64
cache_alignment	: 64
address sizes	: 39 bits physical, 48 bits virtual
power management:



Memory: 4k page, physical 8071928k(212164k free), swap 0k(0k free)

vm_info: OpenJDK 64-Bit Server VM (25.131-b11) for linux-amd64 JRE (1.8.0_131-8u131-b11-0ubuntu1.16.04.2-b11), built on May  6 2017 02:45:27 by "buildd" with gcc 5.4.0 20160609

time: Sun May 14 22:57:44 2017
elapsed time: 0 seconds (0d 0h 0m 0s)

