#
# There is insufficient memory for the Java Runtime Environment to continue.
# Native memory allocation (malloc) failed to allocate 536870912 bytes for committing reserved memory.
# Possible reasons:
#   The system is out of physical RAM or swap space
#   In 32 bit mode, the process size limit was hit
# Possible solutions:
#   Reduce memory load on the system
#   Increase physical memory or swap space
#   Check if swap backing store is full
#   Use 64 bit Java on a 64 bit OS
#   Decrease Java heap size (-Xmx/-Xms)
#   Decrease number of Java threads
#   Decrease Java thread stack sizes (-Xss)
#   Set larger code cache with -XX:ReservedCodeCacheSize=
# This output file may be truncated or incomplete.
#
#  Out of Memory Error (os_linux.cpp:2756), pid=6029, tid=140094221752064
#
# JRE version:  (7.0_80-b15) (build )
# Java VM: Java HotSpot(TM) 64-Bit Server VM (24.80-b11 mixed mode linux-amd64 compressed oops)
# Failed to write core dump. Core dumps have been disabled. To enable core dumping, try "ulimit -c unlimited" before starting Java again
#

---------------  T H R E A D  ---------------

Current thread (0x00007f6a34019800):  JavaThread "Unknown thread" [_thread_in_vm, id=6031, stack(0x00007f6a3a429000,0x00007f6a3a52a000)]

Stack: [0x00007f6a3a429000,0x00007f6a3a52a000],  sp=0x00007f6a3a528270,  free space=1020k
Native frames: (J=compiled Java code, j=interpreted, Vv=VM code, C=native code)
V  [libjvm.so+0x9a320a]  VMError::report_and_die()+0x2ea
V  [libjvm.so+0x498d3b]  report_vm_out_of_memory(char const*, int, unsigned long, char const*)+0x9b
V  [libjvm.so+0x82191e]  os::Linux::commit_memory_impl(char*, unsigned long, bool)+0xfe
V  [libjvm.so+0x821e69]  os::pd_commit_memory(char*, unsigned long, unsigned long, bool)+0x29
V  [libjvm.so+0x81bb6a]  os::commit_memory(char*, unsigned long, unsigned long, bool)+0x2a
V  [libjvm.so+0x88d623]  PSVirtualSpace::expand_by(unsigned long)+0x53
V  [libjvm.so+0x87c293]  PSOldGen::initialize(ReservedSpace, unsigned long, char const*, int)+0x103
V  [libjvm.so+0x29ace3]  AdjoiningGenerations::AdjoiningGenerations(ReservedSpace, unsigned long, unsigned long, unsigned long, unsigned long, unsigned long, unsigned long, unsigned long)+0x3e3
V  [libjvm.so+0x843215]  ParallelScavengeHeap::initialize()+0x4d5
V  [libjvm.so+0x97509a]  Universe::initialize_heap()+0xca
V  [libjvm.so+0x976269]  universe_init()+0x79
V  [libjvm.so+0x5b2f25]  init_globals()+0x65
V  [libjvm.so+0x95db4d]  Threads::create_vm(JavaVMInitArgs*, bool*)+0x1ed
V  [libjvm.so+0x63b2e4]  JNI_CreateJavaVM+0x74
C  [libjli.so+0x2f8e]  JavaMain+0x9e


---------------  P R O C E S S  ---------------

Java Threads: ( => current thread )

Other Threads:

=>0x00007f6a34019800 (exited) JavaThread "Unknown thread" [_thread_in_vm, id=6031, stack(0x00007f6a3a429000,0x00007f6a3a52a000)]

VM state:not at safepoint (not fully initialized)

VM Mutex/Monitor currently owned by a thread: None

GC Heap History (0 events):
No events

Deoptimization events (0 events):
No events

Internal exceptions (0 events):
No events

Events (0 events):
No events


Dynamic libraries:
00400000-00401000 r-xp 00000000 08:06 6057794                            /usr/lib/jvm/java-7-oracle/bin/java
00600000-00601000 rw-p 00000000 08:06 6057794                            /usr/lib/jvm/java-7-oracle/bin/java
02231000-02252000 rw-p 00000000 00:00 0                                  [heap]
c0000000-d0000000 rw-p 00000000 00:00 0 
f0000000-100000000 rw-p 00000000 00:00 0 
7f6a2c79a000-7f6a2c907000 rw-p 00000000 00:00 0 
7f6a2c907000-7f6a2ca87000 rw-p 00000000 00:00 0 
7f6a2ca87000-7f6a2cb12000 rw-p 00000000 00:00 0 
7f6a2cb12000-7f6a2cc88000 rw-p 00000000 00:00 0 
7f6a2cc88000-7f6a2cef8000 rwxp 00000000 00:00 0 
7f6a2cef8000-7f6a32c88000 rw-p 00000000 00:00 0 
7f6a32c88000-7f6a32c9f000 r-xp 00000000 08:06 6564232                    /usr/lib/jvm/java-7-oracle/jre/lib/amd64/libzip.so
7f6a32c9f000-7f6a32e9f000 ---p 00017000 08:06 6564232                    /usr/lib/jvm/java-7-oracle/jre/lib/amd64/libzip.so
7f6a32e9f000-7f6a32ea0000 rw-p 00017000 08:06 6564232                    /usr/lib/jvm/java-7-oracle/jre/lib/amd64/libzip.so
7f6a32ea0000-7f6a32eab000 r-xp 00000000 08:06 62530                      /lib/x86_64-linux-gnu/libnss_files-2.23.so
7f6a32eab000-7f6a330aa000 ---p 0000b000 08:06 62530                      /lib/x86_64-linux-gnu/libnss_files-2.23.so
7f6a330aa000-7f6a330ab000 r--p 0000a000 08:06 62530                      /lib/x86_64-linux-gnu/libnss_files-2.23.so
7f6a330ab000-7f6a330ac000 rw-p 0000b000 08:06 62530                      /lib/x86_64-linux-gnu/libnss_files-2.23.so
7f6a330ac000-7f6a330b2000 rw-p 00000000 00:00 0 
7f6a330b2000-7f6a330bd000 r-xp 00000000 08:06 62533                      /lib/x86_64-linux-gnu/libnss_nis-2.23.so
7f6a330bd000-7f6a332bc000 ---p 0000b000 08:06 62533                      /lib/x86_64-linux-gnu/libnss_nis-2.23.so
7f6a332bc000-7f6a332bd000 r--p 0000a000 08:06 62533                      /lib/x86_64-linux-gnu/libnss_nis-2.23.so
7f6a332bd000-7f6a332be000 rw-p 0000b000 08:06 62533                      /lib/x86_64-linux-gnu/libnss_nis-2.23.so
7f6a332be000-7f6a332d4000 r-xp 00000000 08:06 61431                      /lib/x86_64-linux-gnu/libnsl-2.23.so
7f6a332d4000-7f6a334d3000 ---p 00016000 08:06 61431                      /lib/x86_64-linux-gnu/libnsl-2.23.so
7f6a334d3000-7f6a334d4000 r--p 00015000 08:06 61431                      /lib/x86_64-linux-gnu/libnsl-2.23.so
7f6a334d4000-7f6a334d5000 rw-p 00016000 08:06 61431                      /lib/x86_64-linux-gnu/libnsl-2.23.so
7f6a334d5000-7f6a334d7000 rw-p 00000000 00:00 0 
7f6a334d7000-7f6a334df000 r-xp 00000000 08:06 62551                      /lib/x86_64-linux-gnu/libnss_compat-2.23.so
7f6a334df000-7f6a336de000 ---p 00008000 08:06 62551                      /lib/x86_64-linux-gnu/libnss_compat-2.23.so
7f6a336de000-7f6a336df000 r--p 00007000 08:06 62551                      /lib/x86_64-linux-gnu/libnss_compat-2.23.so
7f6a336df000-7f6a336e0000 rw-p 00008000 08:06 62551                      /lib/x86_64-linux-gnu/libnss_compat-2.23.so
7f6a336e0000-7f6a336ea000 r-xp 00000000 08:06 6564251                    /usr/lib/jvm/java-7-oracle/jre/lib/amd64/libinstrument.so
7f6a336ea000-7f6a338e9000 ---p 0000a000 08:06 6564251                    /usr/lib/jvm/java-7-oracle/jre/lib/amd64/libinstrument.so
7f6a338e9000-7f6a338ea000 rw-p 00009000 08:06 6564251                    /usr/lib/jvm/java-7-oracle/jre/lib/amd64/libinstrument.so
7f6a338ea000-7f6a33bc2000 r--p 00000000 08:06 4589170                    /usr/lib/locale/locale-archive
7f6a33bc2000-7f6a33bc4000 r-xp 00000000 08:06 6564264                    /usr/lib/jvm/java-7-oracle/jre/lib/amd64/libnpt.so
7f6a33bc4000-7f6a33dc4000 ---p 00002000 08:06 6564264                    /usr/lib/jvm/java-7-oracle/jre/lib/amd64/libnpt.so
7f6a33dc4000-7f6a33dc5000 rw-p 00002000 08:06 6564264                    /usr/lib/jvm/java-7-oracle/jre/lib/amd64/libnpt.so
7f6a33dc5000-7f6a33dfe000 r-xp 00000000 08:06 6564162                    /usr/lib/jvm/java-7-oracle/jre/lib/amd64/libjdwp.so
7f6a33dfe000-7f6a33ffe000 ---p 00039000 08:06 6564162                    /usr/lib/jvm/java-7-oracle/jre/lib/amd64/libjdwp.so
7f6a33ffe000-7f6a33fff000 rw-p 00039000 08:06 6564162                    /usr/lib/jvm/java-7-oracle/jre/lib/amd64/libjdwp.so
7f6a33fff000-7f6a34000000 rw-p 00000000 00:00 0 
7f6a34000000-7f6a34038000 rw-p 00000000 00:00 0 
7f6a34038000-7f6a38000000 ---p 00000000 00:00 0 
7f6a3808c000-7f6a38168000 rw-p 00000000 00:00 0 
7f6a38168000-7f6a38191000 r-xp 00000000 08:06 6564146                    /usr/lib/jvm/java-7-oracle/jre/lib/amd64/libjava.so
7f6a38191000-7f6a38391000 ---p 00029000 08:06 6564146                    /usr/lib/jvm/java-7-oracle/jre/lib/amd64/libjava.so
7f6a38391000-7f6a38393000 rw-p 00029000 08:06 6564146                    /usr/lib/jvm/java-7-oracle/jre/lib/amd64/libjava.so
7f6a38393000-7f6a383a0000 r-xp 00000000 08:06 6564206                    /usr/lib/jvm/java-7-oracle/jre/lib/amd64/libverify.so
7f6a383a0000-7f6a3859f000 ---p 0000d000 08:06 6564206                    /usr/lib/jvm/java-7-oracle/jre/lib/amd64/libverify.so
7f6a3859f000-7f6a385a1000 rw-p 0000c000 08:06 6564206                    /usr/lib/jvm/java-7-oracle/jre/lib/amd64/libverify.so
7f6a385a1000-7f6a385a8000 r-xp 00000000 08:06 62543                      /lib/x86_64-linux-gnu/librt-2.23.so
7f6a385a8000-7f6a387a7000 ---p 00007000 08:06 62543                      /lib/x86_64-linux-gnu/librt-2.23.so
7f6a387a7000-7f6a387a8000 r--p 00006000 08:06 62543                      /lib/x86_64-linux-gnu/librt-2.23.so
7f6a387a8000-7f6a387a9000 rw-p 00007000 08:06 62543                      /lib/x86_64-linux-gnu/librt-2.23.so
7f6a387a9000-7f6a388b1000 r-xp 00000000 08:06 62569                      /lib/x86_64-linux-gnu/libm-2.23.so
7f6a388b1000-7f6a38ab0000 ---p 00108000 08:06 62569                      /lib/x86_64-linux-gnu/libm-2.23.so
7f6a38ab0000-7f6a38ab1000 r--p 00107000 08:06 62569                      /lib/x86_64-linux-gnu/libm-2.23.so
7f6a38ab1000-7f6a38ab2000 rw-p 00108000 08:06 62569                      /lib/x86_64-linux-gnu/libm-2.23.so
7f6a38ab2000-7f6a39628000 r-xp 00000000 08:06 8652985                    /usr/lib/jvm/java-7-oracle/jre/lib/amd64/server/libjvm.so
7f6a39628000-7f6a39827000 ---p 00b76000 08:06 8652985                    /usr/lib/jvm/java-7-oracle/jre/lib/amd64/server/libjvm.so
7f6a39827000-7f6a398eb000 rw-p 00b75000 08:06 8652985                    /usr/lib/jvm/java-7-oracle/jre/lib/amd64/server/libjvm.so
7f6a398eb000-7f6a3992c000 rw-p 00000000 00:00 0 
7f6a3992c000-7f6a39aec000 r-xp 00000000 08:06 62578                      /lib/x86_64-linux-gnu/libc-2.23.so
7f6a39aec000-7f6a39cec000 ---p 001c0000 08:06 62578                      /lib/x86_64-linux-gnu/libc-2.23.so
7f6a39cec000-7f6a39cf0000 r--p 001c0000 08:06 62578                      /lib/x86_64-linux-gnu/libc-2.23.so
7f6a39cf0000-7f6a39cf2000 rw-p 001c4000 08:06 62578                      /lib/x86_64-linux-gnu/libc-2.23.so
7f6a39cf2000-7f6a39cf6000 rw-p 00000000 00:00 0 
7f6a39cf6000-7f6a39cf9000 r-xp 00000000 08:06 62549                      /lib/x86_64-linux-gnu/libdl-2.23.so
7f6a39cf9000-7f6a39ef8000 ---p 00003000 08:06 62549                      /lib/x86_64-linux-gnu/libdl-2.23.so
7f6a39ef8000-7f6a39ef9000 r--p 00002000 08:06 62549                      /lib/x86_64-linux-gnu/libdl-2.23.so
7f6a39ef9000-7f6a39efa000 rw-p 00003000 08:06 62549                      /lib/x86_64-linux-gnu/libdl-2.23.so
7f6a39efa000-7f6a39f0f000 r-xp 00000000 08:06 6302415                    /usr/lib/jvm/java-7-oracle/lib/amd64/jli/libjli.so
7f6a39f0f000-7f6a3a10e000 ---p 00015000 08:06 6302415                    /usr/lib/jvm/java-7-oracle/lib/amd64/jli/libjli.so
7f6a3a10e000-7f6a3a10f000 rw-p 00014000 08:06 6302415                    /usr/lib/jvm/java-7-oracle/lib/amd64/jli/libjli.so
7f6a3a10f000-7f6a3a127000 r-xp 00000000 08:06 62532                      /lib/x86_64-linux-gnu/libpthread-2.23.so
7f6a3a127000-7f6a3a326000 ---p 00018000 08:06 62532                      /lib/x86_64-linux-gnu/libpthread-2.23.so
7f6a3a326000-7f6a3a327000 r--p 00017000 08:06 62532                      /lib/x86_64-linux-gnu/libpthread-2.23.so
7f6a3a327000-7f6a3a328000 rw-p 00018000 08:06 62532                      /lib/x86_64-linux-gnu/libpthread-2.23.so
7f6a3a328000-7f6a3a32c000 rw-p 00000000 00:00 0 
7f6a3a32c000-7f6a3a352000 r-xp 00000000 08:06 62516                      /lib/x86_64-linux-gnu/ld-2.23.so
7f6a3a429000-7f6a3a42c000 ---p 00000000 00:00 0 
7f6a3a42c000-7f6a3a52e000 rw-p 00000000 00:00 0 
7f6a3a545000-7f6a3a54d000 rw-s 00000000 08:06 5778712                    /tmp/hsperfdata_andres/6029
7f6a3a54d000-7f6a3a54e000 rw-p 00000000 00:00 0 
7f6a3a54e000-7f6a3a54f000 r--p 00000000 00:00 0 
7f6a3a54f000-7f6a3a551000 rw-p 00000000 00:00 0 
7f6a3a551000-7f6a3a552000 r--p 00025000 08:06 62516                      /lib/x86_64-linux-gnu/ld-2.23.so
7f6a3a552000-7f6a3a553000 rw-p 00026000 08:06 62516                      /lib/x86_64-linux-gnu/ld-2.23.so
7f6a3a553000-7f6a3a554000 rw-p 00000000 00:00 0 
7ffc38367000-7ffc3838e000 rw-p 00000000 00:00 0                          [stack]
7ffc3839e000-7ffc383a0000 r--p 00000000 00:00 0                          [vvar]
7ffc383a0000-7ffc383a2000 r-xp 00000000 00:00 0                          [vdso]
ffffffffff600000-ffffffffff601000 r-xp 00000000 00:00 0                  [vsyscall]

VM Arguments:
jvm_args: -Dendpoints.shutdown.enabled=true -Denv=development -Dfull.stacktrace=false -Dgrails.env=development -Dgrails.full.stacktrace=false -Dinfo.app.grailsVersion=3.2.7 -Dinfo.app.name=ForoFiuba -Dinfo.app.version=0.1 -Djdk.reflect.allowGetCallerClass=true -Drun.active=true -Dspring.output.ansi.enabled=always -Dspringloaded=inclusions=grails.plugins..*;synchronize=true;allowSplitPackages=true;cacheDir=/home/andres/Desktop/Fiuba/Seminario/ForoFiuba/build/springloaded -Dverbose=false -XX:PermSize=96m -XX:MaxPermSize=256m -XX:+TieredCompilation -XX:TieredStopAtLevel=1 -XX:CICompilerCount=3 -agentlib:jdwp=transport=dt_socket,address=45553,suspend=n,server=y -javaagent:/home/andres/.gradle/caches/modules-2/files-2.1/org.springframework/springloaded/1.2.6.RELEASE/df364cd5f36ae9a01ac4e73ecd138daa735fbbc8/springloaded-1.2.6.RELEASE.jar -Xverify:none -Xms768m -Xmx768m -Dfile.encoding=UTF-8 -Duser.country=US -Duser.language=en -Duser.variant 
java_command: forofiuba.Application
Launcher Type: SUN_STANDARD

Environment Variables:
JAVA_HOME=/usr/lib/jvm/java-8-oracle
CLASSPATH=/home/andres/Desktop/idea-IU-171.4424.56/lib/bootstrap.jar:/home/andres/Desktop/idea-IU-171.4424.56/lib/extensions.jar:/home/andres/Desktop/idea-IU-171.4424.56/lib/util.jar:/home/andres/Desktop/idea-IU-171.4424.56/lib/jdom.jar:/home/andres/Desktop/idea-IU-171.4424.56/lib/log4j.jar:/home/andres/Desktop/idea-IU-171.4424.56/lib/trove4j.jar:/home/andres/Desktop/idea-IU-171.4424.56/lib/jna.jar:/home/andres/Desktop/idea-IU-171.4424.56/jre64/lib/tools.jar
PATH=/home/andres/.sdkman/candidates/groovy/current/bin:/home/andres/.sdkman/candidates/grails/current/bin:/home/andres/bin:/home/andres/.local/bin:/usr/local/sbin:/usr/local/bin:/usr/sbin:/usr/bin:/sbin:/bin:/usr/games:/usr/local/games:$ANT_HOME:/snap/bin:/usr/lib/jvm/java-8-oracle/bin:/usr/lib/jvm/java-8-oracle/db/bin:/usr/lib/jvm/java-8-oracle/jre/bin
LD_LIBRARY_PATH=/home/andres/Desktop/idea-IU-171.4424.56/bin:
SHELL=/bin/bash
DISPLAY=:0

Signal Handlers:
SIGSEGV: [libjvm.so+0x9a3b20], sa_mask[0]=0x7ffbfeff, sa_flags=0x10000004
SIGBUS: [libjvm.so+0x9a3b20], sa_mask[0]=0x7ffbfeff, sa_flags=0x10000004
SIGFPE: [libjvm.so+0x81e740], sa_mask[0]=0x7ffbfeff, sa_flags=0x10000004
SIGPIPE: [libjvm.so+0x81e740], sa_mask[0]=0x7ffbfeff, sa_flags=0x10000004
SIGXFSZ: [libjvm.so+0x81e740], sa_mask[0]=0x7ffbfeff, sa_flags=0x10000004
SIGILL: [libjvm.so+0x81e740], sa_mask[0]=0x7ffbfeff, sa_flags=0x10000004
SIGUSR1: SIG_DFL, sa_mask[0]=0x00000000, sa_flags=0x00000000
SIGUSR2: [libjvm.so+0x81ffb0], sa_mask[0]=0x00000004, sa_flags=0x10000004
SIGHUP: SIG_DFL, sa_mask[0]=0x00000000, sa_flags=0x00000000
SIGINT: SIG_DFL, sa_mask[0]=0x00000000, sa_flags=0x00000000
SIGTERM: SIG_DFL, sa_mask[0]=0x00000000, sa_flags=0x00000000
SIGQUIT: SIG_DFL, sa_mask[0]=0x00000000, sa_flags=0x00000000


---------------  S Y S T E M  ---------------

OS:stretch/sid

uname:Linux 4.4.0-83-generic #106-Ubuntu SMP Mon Jun 26 17:54:43 UTC 2017 x86_64
libc:glibc 2.23 NPTL 2.23 
rlimit: STACK 8192k, CORE 0k, NPROC 31124, NOFILE 65536, AS infinity
load average:4.34 2.73 2.21

/proc/meminfo:
MemTotal:        8071904 kB
MemFree:          138708 kB
MemAvailable:     235668 kB
Buffers:           15112 kB
Cached:           819720 kB
SwapCached:            0 kB
Active:          6907552 kB
Inactive:         678396 kB
Active(anon):    6757292 kB
Inactive(anon):   532856 kB
Active(file):     150260 kB
Inactive(file):   145540 kB
Unevictable:         192 kB
Mlocked:             192 kB
SwapTotal:             0 kB
SwapFree:              0 kB
Dirty:             14664 kB
Writeback:             0 kB
AnonPages:       6745652 kB
Mapped:           800960 kB
Shmem:            539136 kB
Slab:             104288 kB
SReclaimable:      54020 kB
SUnreclaim:        50268 kB
KernelStack:       15664 kB
PageTables:        76712 kB
NFS_Unstable:          0 kB
Bounce:                0 kB
WritebackTmp:          0 kB
CommitLimit:     4035952 kB
Committed_AS:   16139768 kB
VmallocTotal:   34359738367 kB
VmallocUsed:           0 kB
VmallocChunk:          0 kB
HardwareCorrupted:     0 kB
AnonHugePages:   1873920 kB
CmaTotal:              0 kB
CmaFree:               0 kB
HugePages_Total:       0
HugePages_Free:        0
HugePages_Rsvd:        0
HugePages_Surp:        0
Hugepagesize:       2048 kB
DirectMap4k:      312584 kB
DirectMap2M:     7972864 kB
DirectMap1G:     1048576 kB


CPU:total 4 (2 cores per cpu, 2 threads per core) family 6 model 78 stepping 3, cmov, cx8, fxsr, mmx, sse, sse2, sse3, ssse3, sse4.1, sse4.2, popcnt, avx, avx2, aes, erms, ht, tsc, tscinvbit

/proc/cpuinfo:
processor	: 0
vendor_id	: GenuineIntel
cpu family	: 6
model		: 78
model name	: Intel(R) Core(TM) i7-6500U CPU @ 2.50GHz
stepping	: 3
microcode	: 0x49
cpu MHz		: 2799.976
cache size	: 4096 KB
physical id	: 0
siblings	: 4
core id		: 0
cpu cores	: 2
apicid		: 0
initial apicid	: 0
fpu		: yes
fpu_exception	: yes
cpuid level	: 22
wp		: yes
flags		: fpu vme de pse tsc msr pae mce cx8 apic sep mtrr pge mca cmov pat pse36 clflush dts acpi mmx fxsr sse sse2 ss ht tm pbe syscall nx pdpe1gb rdtscp lm constant_tsc art arch_perfmon pebs bts rep_good nopl xtopology nonstop_tsc aperfmperf eagerfpu pni pclmulqdq dtes64 monitor ds_cpl vmx est tm2 ssse3 sdbg fma cx16 xtpr pdcm pcid sse4_1 sse4_2 x2apic movbe popcnt tsc_deadline_timer aes xsave avx f16c rdrand lahf_lm abm 3dnowprefetch epb intel_pt tpr_shadow vnmi flexpriority ept vpid fsgsbase tsc_adjust bmi1 avx2 smep bmi2 erms invpcid mpx rdseed adx smap clflushopt xsaveopt xsavec xgetbv1 dtherm ida arat pln pts hwp hwp_notify hwp_act_window hwp_epp
bugs		:
bogomips	: 5183.87
clflush size	: 64
cache_alignment	: 64
address sizes	: 39 bits physical, 48 bits virtual
power management:

processor	: 1
vendor_id	: GenuineIntel
cpu family	: 6
model		: 78
model name	: Intel(R) Core(TM) i7-6500U CPU @ 2.50GHz
stepping	: 3
microcode	: 0x49
cpu MHz		: 2799.976
cache size	: 4096 KB
physical id	: 0
siblings	: 4
core id		: 1
cpu cores	: 2
apicid		: 2
initial apicid	: 2
fpu		: yes
fpu_exception	: yes
cpuid level	: 22
wp		: yes
flags		: fpu vme de pse tsc msr pae mce cx8 apic sep mtrr pge mca cmov pat pse36 clflush dts acpi mmx fxsr sse sse2 ss ht tm pbe syscall nx pdpe1gb rdtscp lm constant_tsc art arch_perfmon pebs bts rep_good nopl xtopology nonstop_tsc aperfmperf eagerfpu pni pclmulqdq dtes64 monitor ds_cpl vmx est tm2 ssse3 sdbg fma cx16 xtpr pdcm pcid sse4_1 sse4_2 x2apic movbe popcnt tsc_deadline_timer aes xsave avx f16c rdrand lahf_lm abm 3dnowprefetch epb intel_pt tpr_shadow vnmi flexpriority ept vpid fsgsbase tsc_adjust bmi1 avx2 smep bmi2 erms invpcid mpx rdseed adx smap clflushopt xsaveopt xsavec xgetbv1 dtherm ida arat pln pts hwp hwp_notify hwp_act_window hwp_epp
bugs		:
bogomips	: 5183.87
clflush size	: 64
cache_alignment	: 64
address sizes	: 39 bits physical, 48 bits virtual
power management:

processor	: 2
vendor_id	: GenuineIntel
cpu family	: 6
model		: 78
model name	: Intel(R) Core(TM) i7-6500U CPU @ 2.50GHz
stepping	: 3
microcode	: 0x49
cpu MHz		: 2799.976
cache size	: 4096 KB
physical id	: 0
siblings	: 4
core id		: 0
cpu cores	: 2
apicid		: 1
initial apicid	: 1
fpu		: yes
fpu_exception	: yes
cpuid level	: 22
wp		: yes
flags		: fpu vme de pse tsc msr pae mce cx8 apic sep mtrr pge mca cmov pat pse36 clflush dts acpi mmx fxsr sse sse2 ss ht tm pbe syscall nx pdpe1gb rdtscp lm constant_tsc art arch_perfmon pebs bts rep_good nopl xtopology nonstop_tsc aperfmperf eagerfpu pni pclmulqdq dtes64 monitor ds_cpl vmx est tm2 ssse3 sdbg fma cx16 xtpr pdcm pcid sse4_1 sse4_2 x2apic movbe popcnt tsc_deadline_timer aes xsave avx f16c rdrand lahf_lm abm 3dnowprefetch epb intel_pt tpr_shadow vnmi flexpriority ept vpid fsgsbase tsc_adjust bmi1 avx2 smep bmi2 erms invpcid mpx rdseed adx smap clflushopt xsaveopt xsavec xgetbv1 dtherm ida arat pln pts hwp hwp_notify hwp_act_window hwp_epp
bugs		:
bogomips	: 5183.87
clflush size	: 64
cache_alignment	: 64
address sizes	: 39 bits physical, 48 bits virtual
power management:

processor	: 3
vendor_id	: GenuineIntel
cpu family	: 6
model		: 78
model name	: Intel(R) Core(TM) i7-6500U CPU @ 2.50GHz
stepping	: 3
microcode	: 0x49
cpu MHz		: 2799.976
cache size	: 4096 KB
physical id	: 0
siblings	: 4
core id		: 1
cpu cores	: 2
apicid		: 3
initial apicid	: 3
fpu		: yes
fpu_exception	: yes
cpuid level	: 22
wp		: yes
flags		: fpu vme de pse tsc msr pae mce cx8 apic sep mtrr pge mca cmov pat pse36 clflush dts acpi mmx fxsr sse sse2 ss ht tm pbe syscall nx pdpe1gb rdtscp lm constant_tsc art arch_perfmon pebs bts rep_good nopl xtopology nonstop_tsc aperfmperf eagerfpu pni pclmulqdq dtes64 monitor ds_cpl vmx est tm2 ssse3 sdbg fma cx16 xtpr pdcm pcid sse4_1 sse4_2 x2apic movbe popcnt tsc_deadline_timer aes xsave avx f16c rdrand lahf_lm abm 3dnowprefetch epb intel_pt tpr_shadow vnmi flexpriority ept vpid fsgsbase tsc_adjust bmi1 avx2 smep bmi2 erms invpcid mpx rdseed adx smap clflushopt xsaveopt xsavec xgetbv1 dtherm ida arat pln pts hwp hwp_notify hwp_act_window hwp_epp
bugs		:
bogomips	: 5183.87
clflush size	: 64
cache_alignment	: 64
address sizes	: 39 bits physical, 48 bits virtual
power management:



Memory: 4k page, physical 8071904k(138708k free), swap 0k(0k free)

vm_info: Java HotSpot(TM) 64-Bit Server VM (24.80-b11) for linux-amd64 JRE (1.7.0_80-b15), built on Apr 10 2015 19:53:14 by "java_re" with gcc 4.3.0 20080428 (Red Hat 4.3.0-8)

time: Mon Jul 17 22:51:13 2017
elapsed time: 0 seconds

