#
# There is insufficient memory for the Java Runtime Environment to continue.
# Native memory allocation (malloc) failed to allocate 536870912 bytes for committing reserved memory.
# Possible reasons:
#   The system is out of physical RAM or swap space
#   In 32 bit mode, the process size limit was hit
# Possible solutions:
#   Reduce memory load on the system
#   Increase physical memory or swap space
#   Check if swap backing store is full
#   Use 64 bit Java on a 64 bit OS
#   Decrease Java heap size (-Xmx/-Xms)
#   Decrease number of Java threads
#   Decrease Java thread stack sizes (-Xss)
#   Set larger code cache with -XX:ReservedCodeCacheSize=
# This output file may be truncated or incomplete.
#
#  Out of Memory Error (os_linux.cpp:2756), pid=17965, tid=140072764921600
#
# JRE version:  (7.0_80-b15) (build )
# Java VM: Java HotSpot(TM) 64-Bit Server VM (24.80-b11 mixed mode linux-amd64 compressed oops)
# Failed to write core dump. Core dumps have been disabled. To enable core dumping, try "ulimit -c unlimited" before starting Java again
#

---------------  T H R E A D  ---------------

Current thread (0x00007f653400b000):  JavaThread "Unknown thread" [_thread_in_vm, id=17971, stack(0x00007f653b555000,0x00007f653b656000)]

Stack: [0x00007f653b555000,0x00007f653b656000],  sp=0x00007f653b654270,  free space=1020k
Native frames: (J=compiled Java code, j=interpreted, Vv=VM code, C=native code)
V  [libjvm.so+0x9a320a]  VMError::report_and_die()+0x2ea
V  [libjvm.so+0x498d3b]  report_vm_out_of_memory(char const*, int, unsigned long, char const*)+0x9b
V  [libjvm.so+0x82191e]  os::Linux::commit_memory_impl(char*, unsigned long, bool)+0xfe
V  [libjvm.so+0x821e69]  os::pd_commit_memory(char*, unsigned long, unsigned long, bool)+0x29
V  [libjvm.so+0x81bb6a]  os::commit_memory(char*, unsigned long, unsigned long, bool)+0x2a
V  [libjvm.so+0x88d623]  PSVirtualSpace::expand_by(unsigned long)+0x53
V  [libjvm.so+0x87c293]  PSOldGen::initialize(ReservedSpace, unsigned long, char const*, int)+0x103
V  [libjvm.so+0x29ace3]  AdjoiningGenerations::AdjoiningGenerations(ReservedSpace, unsigned long, unsigned long, unsigned long, unsigned long, unsigned long, unsigned long, unsigned long)+0x3e3
V  [libjvm.so+0x843215]  ParallelScavengeHeap::initialize()+0x4d5
V  [libjvm.so+0x97509a]  Universe::initialize_heap()+0xca
V  [libjvm.so+0x976269]  universe_init()+0x79
V  [libjvm.so+0x5b2f25]  init_globals()+0x65
V  [libjvm.so+0x95db4d]  Threads::create_vm(JavaVMInitArgs*, bool*)+0x1ed
V  [libjvm.so+0x63b2e4]  JNI_CreateJavaVM+0x74
C  [libjli.so+0x2f8e]  JavaMain+0x9e


---------------  P R O C E S S  ---------------

Java Threads: ( => current thread )

Other Threads:

=>0x00007f653400b000 (exited) JavaThread "Unknown thread" [_thread_in_vm, id=17971, stack(0x00007f653b555000,0x00007f653b656000)]

VM state:not at safepoint (not fully initialized)

VM Mutex/Monitor currently owned by a thread: None

GC Heap History (0 events):
No events

Deoptimization events (0 events):
No events

Internal exceptions (0 events):
No events

Events (0 events):
No events


Dynamic libraries:
00400000-00401000 r-xp 00000000 08:06 6057794                            /usr/lib/jvm/java-7-oracle/bin/java
00600000-00601000 rw-p 00000000 08:06 6057794                            /usr/lib/jvm/java-7-oracle/bin/java
01f3e000-01f5f000 rw-p 00000000 00:00 0                                  [heap]
c0000000-d0000000 rw-p 00000000 00:00 0 
f0000000-100000000 rw-p 00000000 00:00 0 
7f652e000000-7f652e270000 rwxp 00000000 00:00 0 
7f652e270000-7f6534028000 rw-p 00000000 00:00 0 
7f6534028000-7f6538000000 ---p 00000000 00:00 0 
7f653826e000-7f65384b7000 rw-p 00000000 00:00 0 
7f65384b7000-7f6538637000 rw-p 00000000 00:00 0 
7f6538637000-7f65386c2000 rw-p 00000000 00:00 0 
7f65386c2000-7f6538838000 rw-p 00000000 00:00 0 
7f6538838000-7f653884f000 r-xp 00000000 08:06 6564232                    /usr/lib/jvm/java-7-oracle/jre/lib/amd64/libzip.so
7f653884f000-7f6538a4f000 ---p 00017000 08:06 6564232                    /usr/lib/jvm/java-7-oracle/jre/lib/amd64/libzip.so
7f6538a4f000-7f6538a50000 rw-p 00017000 08:06 6564232                    /usr/lib/jvm/java-7-oracle/jre/lib/amd64/libzip.so
7f6538a50000-7f6538a5b000 r-xp 00000000 08:06 62530                      /lib/x86_64-linux-gnu/libnss_files-2.23.so
7f6538a5b000-7f6538c5a000 ---p 0000b000 08:06 62530                      /lib/x86_64-linux-gnu/libnss_files-2.23.so
7f6538c5a000-7f6538c5b000 r--p 0000a000 08:06 62530                      /lib/x86_64-linux-gnu/libnss_files-2.23.so
7f6538c5b000-7f6538c5c000 rw-p 0000b000 08:06 62530                      /lib/x86_64-linux-gnu/libnss_files-2.23.so
7f6538c5c000-7f6538c62000 rw-p 00000000 00:00 0 
7f6538c62000-7f6538c6d000 r-xp 00000000 08:06 62533                      /lib/x86_64-linux-gnu/libnss_nis-2.23.so
7f6538c6d000-7f6538e6c000 ---p 0000b000 08:06 62533                      /lib/x86_64-linux-gnu/libnss_nis-2.23.so
7f6538e6c000-7f6538e6d000 r--p 0000a000 08:06 62533                      /lib/x86_64-linux-gnu/libnss_nis-2.23.so
7f6538e6d000-7f6538e6e000 rw-p 0000b000 08:06 62533                      /lib/x86_64-linux-gnu/libnss_nis-2.23.so
7f6538e6e000-7f6538e84000 r-xp 00000000 08:06 61431                      /lib/x86_64-linux-gnu/libnsl-2.23.so
7f6538e84000-7f6539083000 ---p 00016000 08:06 61431                      /lib/x86_64-linux-gnu/libnsl-2.23.so
7f6539083000-7f6539084000 r--p 00015000 08:06 61431                      /lib/x86_64-linux-gnu/libnsl-2.23.so
7f6539084000-7f6539085000 rw-p 00016000 08:06 61431                      /lib/x86_64-linux-gnu/libnsl-2.23.so
7f6539085000-7f6539087000 rw-p 00000000 00:00 0 
7f6539087000-7f653908f000 r-xp 00000000 08:06 62551                      /lib/x86_64-linux-gnu/libnss_compat-2.23.so
7f653908f000-7f653928e000 ---p 00008000 08:06 62551                      /lib/x86_64-linux-gnu/libnss_compat-2.23.so
7f653928e000-7f653928f000 r--p 00007000 08:06 62551                      /lib/x86_64-linux-gnu/libnss_compat-2.23.so
7f653928f000-7f6539290000 rw-p 00008000 08:06 62551                      /lib/x86_64-linux-gnu/libnss_compat-2.23.so
7f6539290000-7f65392b9000 r-xp 00000000 08:06 6564146                    /usr/lib/jvm/java-7-oracle/jre/lib/amd64/libjava.so
7f65392b9000-7f65394b9000 ---p 00029000 08:06 6564146                    /usr/lib/jvm/java-7-oracle/jre/lib/amd64/libjava.so
7f65394b9000-7f65394bb000 rw-p 00029000 08:06 6564146                    /usr/lib/jvm/java-7-oracle/jre/lib/amd64/libjava.so
7f65394bb000-7f65394c8000 r-xp 00000000 08:06 6564206                    /usr/lib/jvm/java-7-oracle/jre/lib/amd64/libverify.so
7f65394c8000-7f65396c7000 ---p 0000d000 08:06 6564206                    /usr/lib/jvm/java-7-oracle/jre/lib/amd64/libverify.so
7f65396c7000-7f65396c9000 rw-p 0000c000 08:06 6564206                    /usr/lib/jvm/java-7-oracle/jre/lib/amd64/libverify.so
7f65396c9000-7f65396d0000 r-xp 00000000 08:06 62543                      /lib/x86_64-linux-gnu/librt-2.23.so
7f65396d0000-7f65398cf000 ---p 00007000 08:06 62543                      /lib/x86_64-linux-gnu/librt-2.23.so
7f65398cf000-7f65398d0000 r--p 00006000 08:06 62543                      /lib/x86_64-linux-gnu/librt-2.23.so
7f65398d0000-7f65398d1000 rw-p 00007000 08:06 62543                      /lib/x86_64-linux-gnu/librt-2.23.so
7f65398d1000-7f65399d9000 r-xp 00000000 08:06 62569                      /lib/x86_64-linux-gnu/libm-2.23.so
7f65399d9000-7f6539bd8000 ---p 00108000 08:06 62569                      /lib/x86_64-linux-gnu/libm-2.23.so
7f6539bd8000-7f6539bd9000 r--p 00107000 08:06 62569                      /lib/x86_64-linux-gnu/libm-2.23.so
7f6539bd9000-7f6539bda000 rw-p 00108000 08:06 62569                      /lib/x86_64-linux-gnu/libm-2.23.so
7f6539bda000-7f653a750000 r-xp 00000000 08:06 8652985                    /usr/lib/jvm/java-7-oracle/jre/lib/amd64/server/libjvm.so
7f653a750000-7f653a94f000 ---p 00b76000 08:06 8652985                    /usr/lib/jvm/java-7-oracle/jre/lib/amd64/server/libjvm.so
7f653a94f000-7f653aa13000 rw-p 00b75000 08:06 8652985                    /usr/lib/jvm/java-7-oracle/jre/lib/amd64/server/libjvm.so
7f653aa13000-7f653aa54000 rw-p 00000000 00:00 0 
7f653aa54000-7f653ac14000 r-xp 00000000 08:06 62578                      /lib/x86_64-linux-gnu/libc-2.23.so
7f653ac14000-7f653ae14000 ---p 001c0000 08:06 62578                      /lib/x86_64-linux-gnu/libc-2.23.so
7f653ae14000-7f653ae18000 r--p 001c0000 08:06 62578                      /lib/x86_64-linux-gnu/libc-2.23.so
7f653ae18000-7f653ae1a000 rw-p 001c4000 08:06 62578                      /lib/x86_64-linux-gnu/libc-2.23.so
7f653ae1a000-7f653ae1e000 rw-p 00000000 00:00 0 
7f653ae1e000-7f653ae21000 r-xp 00000000 08:06 62549                      /lib/x86_64-linux-gnu/libdl-2.23.so
7f653ae21000-7f653b020000 ---p 00003000 08:06 62549                      /lib/x86_64-linux-gnu/libdl-2.23.so
7f653b020000-7f653b021000 r--p 00002000 08:06 62549                      /lib/x86_64-linux-gnu/libdl-2.23.so
7f653b021000-7f653b022000 rw-p 00003000 08:06 62549                      /lib/x86_64-linux-gnu/libdl-2.23.so
7f653b022000-7f653b037000 r-xp 00000000 08:06 6302415                    /usr/lib/jvm/java-7-oracle/lib/amd64/jli/libjli.so
7f653b037000-7f653b236000 ---p 00015000 08:06 6302415                    /usr/lib/jvm/java-7-oracle/lib/amd64/jli/libjli.so
7f653b236000-7f653b237000 rw-p 00014000 08:06 6302415                    /usr/lib/jvm/java-7-oracle/lib/amd64/jli/libjli.so
7f653b237000-7f653b24f000 r-xp 00000000 08:06 62532                      /lib/x86_64-linux-gnu/libpthread-2.23.so
7f653b24f000-7f653b44e000 ---p 00018000 08:06 62532                      /lib/x86_64-linux-gnu/libpthread-2.23.so
7f653b44e000-7f653b44f000 r--p 00017000 08:06 62532                      /lib/x86_64-linux-gnu/libpthread-2.23.so
7f653b44f000-7f653b450000 rw-p 00018000 08:06 62532                      /lib/x86_64-linux-gnu/libpthread-2.23.so
7f653b450000-7f653b454000 rw-p 00000000 00:00 0 
7f653b454000-7f653b47a000 r-xp 00000000 08:06 62516                      /lib/x86_64-linux-gnu/ld-2.23.so
7f653b555000-7f653b558000 ---p 00000000 00:00 0 
7f653b558000-7f653b65a000 rw-p 00000000 00:00 0 
7f653b66d000-7f653b675000 rw-s 00000000 08:06 6172065                    /tmp/hsperfdata_andres/17965
7f653b675000-7f653b676000 rw-p 00000000 00:00 0 
7f653b676000-7f653b677000 r--p 00000000 00:00 0 
7f653b677000-7f653b679000 rw-p 00000000 00:00 0 
7f653b679000-7f653b67a000 r--p 00025000 08:06 62516                      /lib/x86_64-linux-gnu/ld-2.23.so
7f653b67a000-7f653b67b000 rw-p 00026000 08:06 62516                      /lib/x86_64-linux-gnu/ld-2.23.so
7f653b67b000-7f653b67c000 rw-p 00000000 00:00 0 
7ffd1a92e000-7ffd1aa4f000 rw-p 00000000 00:00 0                          [stack]
7ffd1ab36000-7ffd1ab38000 r--p 00000000 00:00 0                          [vvar]
7ffd1ab38000-7ffd1ab3a000 r-xp 00000000 00:00 0                          [vdso]
ffffffffff600000-ffffffffff601000 r-xp 00000000 00:00 0                  [vsyscall]

VM Arguments:
jvm_args: -Dbuild.listeners=org.jetbrains.groovy.grails.rt.GrailsIdeaTestListener -Denv=test -Dfull.stacktrace=false -Dgrails.env=test -Dgrails.full.stacktrace=false -Dinfo.app.grailsVersion=3.2.7 -Dinfo.app.name=ForoFiuba -Dinfo.app.version=0.1 -Djava.security.manager=worker.org.gradle.process.internal.worker.child.BootstrapSecurityManager -Drun.active=true -Dverbose=false -XX:PermSize=96m -XX:MaxPermSize=256m -XX:+TieredCompilation -XX:TieredStopAtLevel=1 -XX:CICompilerCount=3 -Xms768m -Xmx768m -Dfile.encoding=UTF-8 -Duser.country=US -Duser.language=en -Duser.variant -ea 
java_command: worker.org.gradle.process.internal.worker.GradleWorkerMain 'Gradle Test Executor 3'
Launcher Type: SUN_STANDARD

Environment Variables:
JAVA_HOME=/usr/lib/jvm/java-7-oracle/jre/
CLASSPATH=/home/andres/Desktop/idea-IU-171.4424.56/lib/bootstrap.jar:/home/andres/Desktop/idea-IU-171.4424.56/lib/extensions.jar:/home/andres/Desktop/idea-IU-171.4424.56/lib/util.jar:/home/andres/Desktop/idea-IU-171.4424.56/lib/jdom.jar:/home/andres/Desktop/idea-IU-171.4424.56/lib/log4j.jar:/home/andres/Desktop/idea-IU-171.4424.56/lib/trove4j.jar:/home/andres/Desktop/idea-IU-171.4424.56/lib/jna.jar:/home/andres/Desktop/idea-IU-171.4424.56/jre64/lib/tools.jar
PATH=/home/andres/.sdkman/candidates/groovy/current/bin:/home/andres/.sdkman/candidates/grails/current/bin:/home/andres/bin:/home/andres/.local/bin:/usr/local/sbin:/usr/local/bin:/usr/sbin:/usr/bin:/sbin:/bin:/usr/games:/usr/local/games:$ANT_HOME:/snap/bin
LD_LIBRARY_PATH=/home/andres/Desktop/idea-IU-171.4424.56/bin:
SHELL=/bin/bash
DISPLAY=:0

Signal Handlers:
SIGSEGV: [libjvm.so+0x9a3b20], sa_mask[0]=0x7ffbfeff, sa_flags=0x10000004
SIGBUS: [libjvm.so+0x9a3b20], sa_mask[0]=0x7ffbfeff, sa_flags=0x10000004
SIGFPE: [libjvm.so+0x81e740], sa_mask[0]=0x7ffbfeff, sa_flags=0x10000004
SIGPIPE: [libjvm.so+0x81e740], sa_mask[0]=0x7ffbfeff, sa_flags=0x10000004
SIGXFSZ: [libjvm.so+0x81e740], sa_mask[0]=0x7ffbfeff, sa_flags=0x10000004
SIGILL: [libjvm.so+0x81e740], sa_mask[0]=0x7ffbfeff, sa_flags=0x10000004
SIGUSR1: SIG_DFL, sa_mask[0]=0x00000000, sa_flags=0x00000000
SIGUSR2: [libjvm.so+0x81ffb0], sa_mask[0]=0x00000004, sa_flags=0x10000004
SIGHUP: SIG_DFL, sa_mask[0]=0x00000000, sa_flags=0x00000000
SIGINT: SIG_DFL, sa_mask[0]=0x00000000, sa_flags=0x00000000
SIGTERM: SIG_DFL, sa_mask[0]=0x00000000, sa_flags=0x00000000
SIGQUIT: SIG_DFL, sa_mask[0]=0x00000000, sa_flags=0x00000000


---------------  S Y S T E M  ---------------

OS:stretch/sid

uname:Linux 4.4.0-81-generic #104-Ubuntu SMP Wed Jun 14 08:17:06 UTC 2017 x86_64
libc:glibc 2.23 NPTL 2.23 
rlimit: STACK 8192k, CORE 0k, NPROC 31122, NOFILE 65536, AS infinity
load average:1.56 1.28 1.28

/proc/meminfo:
MemTotal:        8071904 kB
MemFree:          283544 kB
MemAvailable:     351408 kB
Buffers:           12332 kB
Cached:          1109716 kB
SwapCached:            0 kB
Active:          6535816 kB
Inactive:         965408 kB
Active(anon):    6389128 kB
Inactive(anon):   843104 kB
Active(file):     146688 kB
Inactive(file):   122304 kB
Unevictable:         224 kB
Mlocked:             224 kB
SwapTotal:             0 kB
SwapFree:              0 kB
Dirty:              2808 kB
Writeback:             0 kB
AnonPages:       6380344 kB
Mapped:           567240 kB
Shmem:            852292 kB
Slab:             109420 kB
SReclaimable:      49428 kB
SUnreclaim:        59992 kB
KernelStack:       17712 kB
PageTables:        84528 kB
NFS_Unstable:          0 kB
Bounce:                0 kB
WritebackTmp:          0 kB
CommitLimit:     4035952 kB
Committed_AS:   16711288 kB
VmallocTotal:   34359738367 kB
VmallocUsed:           0 kB
VmallocChunk:          0 kB
HardwareCorrupted:     0 kB
AnonHugePages:   3246080 kB
CmaTotal:              0 kB
CmaFree:               0 kB
HugePages_Total:       0
HugePages_Free:        0
HugePages_Rsvd:        0
HugePages_Surp:        0
Hugepagesize:       2048 kB
DirectMap4k:      228616 kB
DirectMap2M:     7008256 kB
DirectMap1G:     2097152 kB


CPU:total 4 (2 cores per cpu, 2 threads per core) family 6 model 78 stepping 3, cmov, cx8, fxsr, mmx, sse, sse2, sse3, ssse3, sse4.1, sse4.2, popcnt, avx, avx2, aes, erms, ht, tsc, tscinvbit

/proc/cpuinfo:
processor	: 0
vendor_id	: GenuineIntel
cpu family	: 6
model		: 78
model name	: Intel(R) Core(TM) i7-6500U CPU @ 2.50GHz
stepping	: 3
microcode	: 0x49
cpu MHz		: 2606.703
cache size	: 4096 KB
physical id	: 0
siblings	: 4
core id		: 0
cpu cores	: 2
apicid		: 0
initial apicid	: 0
fpu		: yes
fpu_exception	: yes
cpuid level	: 22
wp		: yes
flags		: fpu vme de pse tsc msr pae mce cx8 apic sep mtrr pge mca cmov pat pse36 clflush dts acpi mmx fxsr sse sse2 ss ht tm pbe syscall nx pdpe1gb rdtscp lm constant_tsc art arch_perfmon pebs bts rep_good nopl xtopology nonstop_tsc aperfmperf eagerfpu pni pclmulqdq dtes64 monitor ds_cpl vmx est tm2 ssse3 sdbg fma cx16 xtpr pdcm pcid sse4_1 sse4_2 x2apic movbe popcnt tsc_deadline_timer aes xsave avx f16c rdrand lahf_lm abm 3dnowprefetch epb intel_pt tpr_shadow vnmi flexpriority ept vpid fsgsbase tsc_adjust bmi1 avx2 smep bmi2 erms invpcid mpx rdseed adx smap clflushopt xsaveopt xsavec xgetbv1 dtherm ida arat pln pts hwp hwp_notify hwp_act_window hwp_epp
bugs		:
bogomips	: 5183.94
clflush size	: 64
cache_alignment	: 64
address sizes	: 39 bits physical, 48 bits virtual
power management:

processor	: 1
vendor_id	: GenuineIntel
cpu family	: 6
model		: 78
model name	: Intel(R) Core(TM) i7-6500U CPU @ 2.50GHz
stepping	: 3
microcode	: 0x49
cpu MHz		: 2631.789
cache size	: 4096 KB
physical id	: 0
siblings	: 4
core id		: 1
cpu cores	: 2
apicid		: 2
initial apicid	: 2
fpu		: yes
fpu_exception	: yes
cpuid level	: 22
wp		: yes
flags		: fpu vme de pse tsc msr pae mce cx8 apic sep mtrr pge mca cmov pat pse36 clflush dts acpi mmx fxsr sse sse2 ss ht tm pbe syscall nx pdpe1gb rdtscp lm constant_tsc art arch_perfmon pebs bts rep_good nopl xtopology nonstop_tsc aperfmperf eagerfpu pni pclmulqdq dtes64 monitor ds_cpl vmx est tm2 ssse3 sdbg fma cx16 xtpr pdcm pcid sse4_1 sse4_2 x2apic movbe popcnt tsc_deadline_timer aes xsave avx f16c rdrand lahf_lm abm 3dnowprefetch epb intel_pt tpr_shadow vnmi flexpriority ept vpid fsgsbase tsc_adjust bmi1 avx2 smep bmi2 erms invpcid mpx rdseed adx smap clflushopt xsaveopt xsavec xgetbv1 dtherm ida arat pln pts hwp hwp_notify hwp_act_window hwp_epp
bugs		:
bogomips	: 5183.94
clflush size	: 64
cache_alignment	: 64
address sizes	: 39 bits physical, 48 bits virtual
power management:

processor	: 2
vendor_id	: GenuineIntel
cpu family	: 6
model		: 78
model name	: Intel(R) Core(TM) i7-6500U CPU @ 2.50GHz
stepping	: 3
microcode	: 0x49
cpu MHz		: 2634.632
cache size	: 4096 KB
physical id	: 0
siblings	: 4
core id		: 0
cpu cores	: 2
apicid		: 1
initial apicid	: 1
fpu		: yes
fpu_exception	: yes
cpuid level	: 22
wp		: yes
flags		: fpu vme de pse tsc msr pae mce cx8 apic sep mtrr pge mca cmov pat pse36 clflush dts acpi mmx fxsr sse sse2 ss ht tm pbe syscall nx pdpe1gb rdtscp lm constant_tsc art arch_perfmon pebs bts rep_good nopl xtopology nonstop_tsc aperfmperf eagerfpu pni pclmulqdq dtes64 monitor ds_cpl vmx est tm2 ssse3 sdbg fma cx16 xtpr pdcm pcid sse4_1 sse4_2 x2apic movbe popcnt tsc_deadline_timer aes xsave avx f16c rdrand lahf_lm abm 3dnowprefetch epb intel_pt tpr_shadow vnmi flexpriority ept vpid fsgsbase tsc_adjust bmi1 avx2 smep bmi2 erms invpcid mpx rdseed adx smap clflushopt xsaveopt xsavec xgetbv1 dtherm ida arat pln pts hwp hwp_notify hwp_act_window hwp_epp
bugs		:
bogomips	: 5183.94
clflush size	: 64
cache_alignment	: 64
address sizes	: 39 bits physical, 48 bits virtual
power management:

processor	: 3
vendor_id	: GenuineIntel
cpu family	: 6
model		: 78
model name	: Intel(R) Core(TM) i7-6500U CPU @ 2.50GHz
stepping	: 3
microcode	: 0x49
cpu MHz		: 2580.500
cache size	: 4096 KB
physical id	: 0
siblings	: 4
core id		: 1
cpu cores	: 2
apicid		: 3
initial apicid	: 3
fpu		: yes
fpu_exception	: yes
cpuid level	: 22
wp		: yes
flags		: fpu vme de pse tsc msr pae mce cx8 apic sep mtrr pge mca cmov pat pse36 clflush dts acpi mmx fxsr sse sse2 ss ht tm pbe syscall nx pdpe1gb rdtscp lm constant_tsc art arch_perfmon pebs bts rep_good nopl xtopology nonstop_tsc aperfmperf eagerfpu pni pclmulqdq dtes64 monitor ds_cpl vmx est tm2 ssse3 sdbg fma cx16 xtpr pdcm pcid sse4_1 sse4_2 x2apic movbe popcnt tsc_deadline_timer aes xsave avx f16c rdrand lahf_lm abm 3dnowprefetch epb intel_pt tpr_shadow vnmi flexpriority ept vpid fsgsbase tsc_adjust bmi1 avx2 smep bmi2 erms invpcid mpx rdseed adx smap clflushopt xsaveopt xsavec xgetbv1 dtherm ida arat pln pts hwp hwp_notify hwp_act_window hwp_epp
bugs		:
bogomips	: 5183.94
clflush size	: 64
cache_alignment	: 64
address sizes	: 39 bits physical, 48 bits virtual
power management:



Memory: 4k page, physical 8071904k(283544k free), swap 0k(0k free)

vm_info: Java HotSpot(TM) 64-Bit Server VM (24.80-b11) for linux-amd64 JRE (1.7.0_80-b15), built on Apr 10 2015 19:53:14 by "java_re" with gcc 4.3.0 20080428 (Red Hat 4.3.0-8)

time: Sun Jun 25 01:06:13 2017
elapsed time: 0 seconds

